TN:
SF:src/app.ts
FNF:0
FNH:0
DA:1,1
DA:2,1
DA:3,1
DA:4,1
DA:5,1
DA:6,1
DA:8,1
DA:10,1
DA:11,1
DA:12,1
DA:14,1
DA:15,1
DA:17,1
LF:13
LH:13
BRF:0
BRH:0
end_of_record
TN:
SF:src/database.ts
FNF:0
FNH:0
DA:1,2
DA:3,2
DA:4,2
LF:3
LH:3
BRF:0
BRH:0
end_of_record
TN:
SF:src/controllers/recommendationController.ts
FN:6,insert
FN:17,upvote
FN:25,downvote
FN:33,random
FN:39,get
FN:44,getTop
FN:51,getById
FNF:7
FNH:7
FNDA:9,insert
FNDA:2,upvote
FNDA:2,downvote
FNDA:3,random
FNDA:3,get
FNDA:1,getTop
FNDA:2,getById
DA:2,1
DA:3,1
DA:4,1
DA:7,9
DA:8,9
DA:9,0
DA:12,9
DA:14,8
DA:18,2
DA:20,2
DA:22,1
DA:26,2
DA:28,2
DA:30,1
DA:34,3
DA:36,2
DA:40,3
DA:41,3
DA:45,1
DA:47,1
DA:48,1
DA:52,2
DA:54,2
DA:55,1
DA:58,1
LF:25
LH:24
BRDA:8,0,0,0
BRF:1
BRH:0
end_of_record
TN:
SF:src/middlewares/errorHandlerMiddleware.ts
FN:8,errorHandlerMiddleware
FNF:1
FNH:1
FNDA:5,errorHandlerMiddleware
DA:2,1
DA:8,1
DA:14,5
DA:16,5
DA:17,5
DA:20,0
LF:6
LH:5
BRDA:16,0,0,5
BRF:1
BRH:1
end_of_record
TN:
SF:src/repositories/recommendationRepository.ts
FN:5,create
FN:16,findAll
FN:26,getAmountByScore
FN:33,getFindAllFilter
FN:45,find
FN:51,findByName
FN:57,updateScore
FN:66,remove
FNF:8
FNH:7
FNDA:8,create
FNDA:9,findAll
FNDA:1,getAmountByScore
FNDA:9,getFindAllFilter
FNDA:6,find
FNDA:9,findByName
FNDA:2,updateScore
FNDA:0,remove
DA:2,2
DA:6,8
DA:17,9
DA:19,9
DA:27,1
DA:36,9
DA:38,3
DA:40,3
DA:46,6
DA:52,9
DA:58,2
DA:67,0
DA:72,2
LF:13
LH:12
BRDA:36,0,0,6
BRF:1
BRH:1
end_of_record
TN:
SF:src/routers/recommendationRouter.ts
FNF:0
FNH:0
DA:1,1
DA:2,1
DA:4,1
DA:6,1
DA:7,1
DA:8,1
DA:9,1
DA:10,1
DA:11,1
DA:12,1
DA:14,1
LF:11
LH:11
BRF:0
BRH:0
end_of_record
TN:
SF:src/schemas/recommendationsSchemas.ts
FNF:0
FNH:0
DA:1,1
DA:4,1
DA:6,1
LF:3
LH:3
BRF:0
BRH:0
end_of_record
TN:
SF:src/services/recommendationsService.ts
FN:7,insert
FN:17,upvote
FN:23,downvote
FN:36,getByIdOrFail
FN:43,get
FN:47,getTop
FN:51,getRandom
FN:64,getByScore
FN:77,getScoreFilter
FNF:9
FNH:9
FNDA:11,insert
FNDA:2,upvote
FNDA:2,downvote
FNDA:6,getByIdOrFail
FNDA:3,get
FNDA:1,getTop
FNDA:3,getRandom
FNDA:3,getByScore
FNDA:3,getScoreFilter
DA:2,2
DA:3,2
DA:8,11
DA:11,11
DA:12,2
DA:14,9
DA:18,2
DA:20,1
DA:24,2
DA:26,1
DA:31,1
DA:32,0
DA:37,6
DA:38,6
DA:40,3
DA:44,3
DA:48,1
DA:52,3
DA:53,3
DA:55,3
DA:56,3
DA:57,1
DA:60,2
DA:61,2
DA:65,3
DA:70,3
DA:71,0
DA:74,3
DA:78,3
DA:79,2
DA:82,1
DA:85,2
LF:32
LH:30
BRDA:11,0,0,2
BRDA:31,1,0,0
BRDA:38,2,0,3
BRDA:56,3,0,1
BRDA:70,4,0,0
BRDA:78,5,0,2
BRF:6
BRH:4
end_of_record
TN:
SF:src/utils/errorUtils.ts
FN:7,isAppError
FN:11,errorTypeToStatusCode
FN:19,conflictError
FN:23,notFoundError
FN:27,unauthorizedError
FN:31,wrongSchemaError
FNF:6
FNH:4
FNDA:5,isAppError
FNDA:5,errorTypeToStatusCode
FNDA:2,conflictError
FNDA:4,notFoundError
FNDA:0,unauthorizedError
FNDA:0,wrongSchemaError
DA:7,2
DA:8,5
DA:11,2
DA:12,5
DA:13,4
DA:14,0
DA:15,0
DA:16,0
DA:19,2
DA:20,2
DA:23,2
DA:24,4
DA:27,2
DA:28,0
DA:31,2
DA:32,0
LF:16
LH:11
BRDA:12,0,0,1
BRDA:13,1,0,4
BRDA:14,2,0,0
BRDA:15,3,0,0
BRDA:20,4,0,2
BRDA:20,4,1,0
BRDA:20,5,0,2
BRDA:20,5,1,2
BRDA:24,6,0,0
BRDA:24,6,1,4
BRDA:24,7,0,4
BRDA:24,7,1,4
BRDA:28,8,0,0
BRDA:28,8,1,0
BRDA:28,9,0,0
BRDA:28,9,1,0
BRDA:32,10,0,0
BRDA:32,10,1,0
BRDA:32,11,0,0
BRDA:32,11,1,0
BRF:20
BRH:8
end_of_record
TN:
SF:tests/factories/recommendationFactory.ts
FN:3,recommendationFactory
FNF:1
FNH:1
FNDA:10,recommendationFactory
DA:1,2
DA:3,2
DA:4,10
LF:3
LH:3
BRF:0
BRH:0
end_of_record
TN:
SF:tests/factories/scenarioFactory.ts
FN:3,clearRecommendationsTable
FN:7,disconnectPrisma
FNF:2
FNH:2
FNDA:12,clearRecommendationsTable
FNDA:1,disconnectPrisma
DA:1,1
DA:3,1
DA:4,12
DA:7,1
DA:8,1
LF:5
LH:5
BRF:0
BRH:0
end_of_record
